<?xml version="1.0" encoding="UTF-8"?>
<!-- Generated by org.testng.reporters.JUnitXMLReporter -->
<testsuite ignored="0" hostname="ashwij-mac.roam.internal" failures="1" tests="3" name="safari browser test" time="28.947" errors="0" timestamp="2025-12-16T17:00:57 IST">
  <testcase classname="testCases.ResgistrationPageTest" name="Verify_RegistrationPage" time="2.063"/>
  <testcase classname="testCases.LoginPageTest" name="Verify_LoginPage" time="0.776"/>
  <testcase classname="testCases.LoginPageTest" name="Verify_LoginPage" time="1.232">
    <failure type="java.lang.AssertionError" message="null">
      <![CDATA[java.lang.AssertionError: null
at testCases.LoginPageTest.Verify_LoginPage(LoginPageTest.java:47)
at java.base/java.util.ArrayList.forEach(ArrayList.java:1604)
... Removed 27 stack frames]]>
    </failure>
  </testcase> <!-- Verify_LoginPage -->
</testsuite> <!-- safari browser test -->
