<?xml version="1.0" encoding="UTF-8"?>
<!-- Generated by org.testng.reporters.JUnitXMLReporter -->
<testsuite ignored="0" hostname="ashwij-mac.roam.internal" failures="0" tests="2" name="safari browser test" time="37.802" errors="0" timestamp="2025-12-14T15:28:54 IST">
  <testcase classname="testCases.ResgistrationPageTest" name="Verify_RegistrationPage" time="2.741"/>
  <testcase classname="testCases.LoginPageTest" name="Verify_LoginPage" time="1.099"/>
</testsuite> <!-- safari browser test -->
