<?xml version="1.0" encoding="UTF-8"?>
<!-- Generated by org.testng.reporters.JUnitXMLReporter -->
<testsuite ignored="0" hostname="ashwij-mac.roam.internal" failures="1" tests="1" name="Test" time="13.092" errors="0" timestamp="2025-12-01T20:46:23 IST">
  <testcase classname="testCases.ResgistrationPageTest" name="Verify_RegistrationPage" time="0.213">
    <failure type="org.openqa.selenium.NoSuchFrameException" message="Build info: version: &amp;apos;4.30.0&amp;apos;, revision: &amp;apos;509c7f17cc*&amp;apos;
System info: os.name: &amp;apos;Mac OS X&amp;apos;, os.arch: &amp;apos;aarch64&amp;apos;, os.version: &amp;apos;26.1&amp;apos;, java.version: &amp;apos;24&amp;apos;
Driver info: org.openqa.selenium.safari.SafariDriver
Command: [E19D4466-CA36-40A8-B282-FAC0BE47C074, findElement {value=//input[@name=&amp;quot;firstname&amp;quot;], using=xpath}]
Capabilities {acceptInsecureCerts: false, browserName: Safari, browserVersion: 26.1, platformName: mac, safari:automaticInspection: false, safari:automaticProfiling: false, safari:diagnose: false, safari:experimentalWebSocketUrl: false, safari:platformBuildVersion: 25B78, safari:platformVersion: 26.1, safari:useSimulator: false, setWindowRect: true, strictFileInteractability: false, webkit:WebRTC: {DisableICECandidateFiltering: false, DisableInsecureMediaCapture: false}, webkit:alwaysAllowAutoplay: false}
Session ID: E19D4466-CA36-40A8-B282-FAC0BE47C074">
      <![CDATA[org.openqa.selenium.NoSuchFrameException: Build info: version: '4.30.0', revision: '509c7f17cc*'
System info: os.name: 'Mac OS X', os.arch: 'aarch64', os.version: '26.1', java.version: '24'
Driver info: org.openqa.selenium.safari.SafariDriver
Command: [E19D4466-CA36-40A8-B282-FAC0BE47C074, findElement {value=//input[@name="firstname"], using=xpath}]
Capabilities {acceptInsecureCerts: false, browserName: Safari, browserVersion: 26.1, platformName: mac, safari:automaticInspection: false, safari:automaticProfiling: false, safari:diagnose: false, safari:experimentalWebSocketUrl: false, safari:platformBuildVersion: 25B78, safari:platformVersion: 26.1, safari:useSimulator: false, setWindowRect: true, strictFileInteractability: false, webkit:WebRTC: {DisableICECandidateFiltering: false, DisableInsecureMediaCapture: false}, webkit:alwaysAllowAutoplay: false}
Session ID: E19D4466-CA36-40A8-B282-FAC0BE47C074
at org.openqa.selenium.remote.ErrorCodec.decode(ErrorCodec.java:167)
at org.openqa.selenium.remote.codec.w3c.W3CHttpResponseCodec.decode(W3CHttpResponseCodec.java:138)
at org.openqa.selenium.remote.codec.w3c.W3CHttpResponseCodec.decode(W3CHttpResponseCodec.java:50)
at org.openqa.selenium.remote.HttpCommandExecutor.execute(HttpCommandExecutor.java:215)
at org.openqa.selenium.remote.service.DriverCommandExecutor.invokeExecute(DriverCommandExecutor.java:216)
at org.openqa.selenium.remote.service.DriverCommandExecutor.execute(DriverCommandExecutor.java:174)
at org.openqa.selenium.remote.RemoteWebDriver.execute(RemoteWebDriver.java:557)
at org.openqa.selenium.remote.ElementLocation$ElementFinder$2.findElement(ElementLocation.java:165)
at org.openqa.selenium.remote.ElementLocation.findElement(ElementLocation.java:59)
at org.openqa.selenium.remote.RemoteWebDriver.findElement(RemoteWebDriver.java:380)
at org.openqa.selenium.remote.RemoteWebDriver.findElement(RemoteWebDriver.java:374)
at org.openqa.selenium.support.pagefactory.DefaultElementLocator.findElement(DefaultElementLocator.java:68)
at org.openqa.selenium.support.pagefactory.internal.LocatingElementHandler.invoke(LocatingElementHandler.java:38)
at jdk.proxy2/jdk.proxy2.$Proxy12.sendKeys(Unknown Source)
at pageObjects.RegisterPage.setFirstName(RegisterPage.java:37)
at testCases.ResgistrationPageTest.Verify_RegistrationPage(ResgistrationPageTest.java:23)
at java.base/java.util.ArrayList.forEach(ArrayList.java:1604)
... Removed 28 stack frames]]>
    </failure>
  </testcase> <!-- Verify_RegistrationPage -->
</testsuite> <!-- Test -->
