<?xml version="1.0" encoding="UTF-8"?>
<!-- Generated by org.testng.reporters.JUnitXMLReporter -->
<testsuite ignored="0" hostname="ashwij-mac.roam.internal" failures="0" tests="1" name="Test" time="0.022" errors="0" timestamp="2025-11-28T12:33:12 IST">
  <testcase classname="testCases.ResgistrationPageTest" name="@BeforeClass setup" time="0.005">
    <failure type="java.lang.Error" message="Unresolved compilation problem: 
	ChromeDriver cannot be resolved to a type
">
      <![CDATA[java.lang.Error: Unresolved compilation problem: 
ChromeDriver cannot be resolved to a type

at testCases.ResgistrationPageTest.setup(ResgistrationPageTest.java:22)
at java.base/java.util.ArrayList.forEach(ArrayList.java:1604)
... Removed 23 stack frames]]>
    </failure>
  </testcase> <!-- @BeforeClass setup -->
  <testcase classname="testCases.ResgistrationPageTest" name="@AfterClass teardown" time="0.0">
    <skipped/>
  </testcase> <!-- @AfterClass teardown -->
  <testcase classname="testCases.ResgistrationPageTest" name="Verify_RegistrationPage" time="0.0">
    <skipped/>
  </testcase> <!-- Verify_RegistrationPage -->
</testsuite> <!-- Test -->
