<?xml version="1.0" encoding="UTF-8"?>
<!-- Generated by org.testng.reporters.JUnitXMLReporter -->
<testsuite ignored="0" hostname="ashwij-mac.roam.internal" failures="1" tests="1" name="Test" time="12.702" errors="0" timestamp="2025-12-03T19:15:09 IST">
  <testcase classname="testCases.ResgistrationPageTest" name="Verify_RegistrationPage" time="0.218">
    <failure type="java.lang.AssertionError" message="null">
      <![CDATA[java.lang.AssertionError: null
at testCases.ResgistrationPageTest.Verify_RegistrationPage(ResgistrationPageTest.java:50)
at java.base/java.util.ArrayList.forEach(ArrayList.java:1604)
... Removed 27 stack frames]]>
    </failure>
  </testcase> <!-- Verify_RegistrationPage -->
</testsuite> <!-- Test -->
