<?xml version="1.0" encoding="UTF-8"?>
<testng-results ignored="0" total="2" passed="2" failed="0" skipped="0">
  <reporter-output>
  </reporter-output>
  <suite started-at="2025-12-14T15:28:17 IST" name="Suite" finished-at="2025-12-14T15:28:54 IST" duration-ms="37802">
    <groups>
    </groups>
    <test started-at="2025-12-14T15:28:17 IST" name="safari browser test" finished-at="2025-12-14T15:28:54 IST" duration-ms="37802">
      <class name="testCases.LoginPageTest">
        <test-method is-config="true" signature="setup(java.lang.String)[pri:0, instance:testCases.LoginPageTest@49139829]" started-at="2025-12-14T15:28:38 IST" name="setup" finished-at="2025-12-14T15:28:43 IST" duration-ms="5207" status="PASS">
          <params>
            <param index="0">
              <value>
                <![CDATA[safari]]>
              </value>
            </param>
          </params>
          <reporter-output>
          </reporter-output>
        </test-method> <!-- setup -->
        <test-method signature="Verify_LoginPage()[pri:0, instance:testCases.LoginPageTest@49139829]" started-at="2025-12-14T15:28:43 IST" name="Verify_LoginPage" finished-at="2025-12-14T15:28:44 IST" duration-ms="1099" status="PASS">
          <reporter-output>
          </reporter-output>
        </test-method> <!-- Verify_LoginPage -->
        <test-method is-config="true" signature="teardown()[pri:0, instance:testCases.LoginPageTest@49139829]" started-at="2025-12-14T15:28:44 IST" name="teardown" finished-at="2025-12-14T15:28:54 IST" duration-ms="10052" status="PASS">
          <reporter-output>
          </reporter-output>
        </test-method> <!-- teardown -->
      </class> <!-- testCases.LoginPageTest -->
      <class name="testCases.ResgistrationPageTest">
        <test-method is-config="true" signature="setup(java.lang.String)[pri:0, instance:testCases.ResgistrationPageTest@c8c12ac]" started-at="2025-12-14T15:28:17 IST" name="setup" finished-at="2025-12-14T15:28:25 IST" duration-ms="8627" status="PASS">
          <params>
            <param index="0">
              <value>
                <![CDATA[safari]]>
              </value>
            </param>
          </params>
          <reporter-output>
          </reporter-output>
        </test-method> <!-- setup -->
        <test-method signature="Verify_RegistrationPage()[pri:0, instance:testCases.ResgistrationPageTest@c8c12ac]" started-at="2025-12-14T15:28:25 IST" name="Verify_RegistrationPage" finished-at="2025-12-14T15:28:28 IST" duration-ms="2741" status="PASS">
          <reporter-output>
          </reporter-output>
        </test-method> <!-- Verify_RegistrationPage -->
        <test-method is-config="true" signature="teardown()[pri:0, instance:testCases.ResgistrationPageTest@c8c12ac]" started-at="2025-12-14T15:28:28 IST" name="teardown" finished-at="2025-12-14T15:28:38 IST" duration-ms="10042" status="PASS">
          <reporter-output>
          </reporter-output>
        </test-method> <!-- teardown -->
      </class> <!-- testCases.ResgistrationPageTest -->
    </test> <!-- safari browser test -->
  </suite> <!-- Suite -->
</testng-results>
