<?xml version="1.0" encoding="UTF-8"?>
<testng-results ignored="0" total="1" passed="1" failed="0" skipped="0">
  <reporter-output>
  </reporter-output>
  <suite started-at="2025-12-01T23:41:47 IST" name="Default suite" finished-at="2025-12-01T23:41:53 IST" duration-ms="5469">
    <groups>
    </groups>
    <test started-at="2025-12-01T23:41:47 IST" name="Default test" finished-at="2025-12-01T23:41:53 IST" duration-ms="5469">
      <class name="testCases.ResgistrationPageTest">
        <test-method is-config="true" signature="setup()[pri:0, instance:testCases.ResgistrationPageTest@3febb011]" started-at="2025-12-01T23:41:47 IST" name="setup" finished-at="2025-12-01T23:41:52 IST" duration-ms="4326" status="PASS">
          <reporter-output>
          </reporter-output>
        </test-method> <!-- setup -->
        <test-method signature="Verify_RegistrationPage()[pri:0, instance:testCases.ResgistrationPageTest@3febb011]" started-at="2025-12-01T23:41:52 IST" name="Verify_RegistrationPage" finished-at="2025-12-01T23:41:52 IST" duration-ms="720" status="PASS">
          <reporter-output>
          </reporter-output>
        </test-method> <!-- Verify_RegistrationPage -->
        <test-method is-config="true" signature="teardown()[pri:0, instance:testCases.ResgistrationPageTest@3febb011]" started-at="2025-12-01T23:41:52 IST" name="teardown" finished-at="2025-12-01T23:41:53 IST" duration-ms="409" status="PASS">
          <reporter-output>
          </reporter-output>
        </test-method> <!-- teardown -->
      </class> <!-- testCases.ResgistrationPageTest -->
    </test> <!-- Default test -->
  </suite> <!-- Default suite -->
</testng-results>
