<?xml version="1.0" encoding="UTF-8"?>
<testng-results ignored="0" total="3" passed="2" failed="1" skipped="0">
  <reporter-output>
  </reporter-output>
  <suite started-at="2025-12-16T17:00:28 IST" name="Suite" finished-at="2025-12-16T17:00:57 IST" duration-ms="28947">
    <groups>
      <group name="regression">
        <method signature="ResgistrationPageTest.Verify_RegistrationPage()[pri:0, instance:testCases.ResgistrationPageTest@368f2016]" name="Verify_RegistrationPage" class="testCases.ResgistrationPageTest"/>
      </group> <!-- regression -->
      <group name="sanity">
        <method signature="LoginPageTest.Verify_LoginPage(java.lang.String,java.lang.String)[pri:0, instance:testCases.LoginPageTest@a1153bc]" name="Verify_LoginPage" class="testCases.LoginPageTest"/>
      </group> <!-- sanity -->
    </groups>
    <test started-at="2025-12-16T17:00:28 IST" name="safari browser test" finished-at="2025-12-16T17:00:57 IST" duration-ms="28947">
      <class name="testCases.LoginPageTest">
        <test-method is-config="true" signature="setValues()[pri:0, instance:testCases.LoginPageTest@a1153bc]" started-at="2025-12-16T17:00:28 IST" name="setValues" finished-at="2025-12-16T17:00:28 IST" duration-ms="3" status="PASS">
          <reporter-output>
          </reporter-output>
        </test-method> <!-- setValues -->
        <test-method is-config="true" signature="setup(java.lang.String)[pri:0, instance:testCases.LoginPageTest@a1153bc]" started-at="2025-12-16T17:00:43 IST" name="setup" finished-at="2025-12-16T17:00:45 IST" duration-ms="2041" status="PASS">
          <params>
            <param index="0">
              <value>
                <![CDATA[safari]]>
              </value>
            </param>
          </params>
          <reporter-output>
          </reporter-output>
        </test-method> <!-- setup -->
        <test-method signature="Verify_LoginPage(java.lang.String,java.lang.String)[pri:0, instance:testCases.LoginPageTest@a1153bc]" started-at="2025-12-16T17:00:45 IST" name="Verify_LoginPage" data-provider="sendData" finished-at="2025-12-16T17:00:46 IST" duration-ms="776" status="PASS">
          <params>
            <param index="0">
              <value>
                <![CDATA[melisandra.2345@gmail.com]]>
              </value>
            </param>
            <param index="1">
              <value>
                <![CDATA[sandraj]]>
              </value>
            </param>
          </params>
          <reporter-output>
          </reporter-output>
        </test-method> <!-- Verify_LoginPage -->
        <test-method signature="Verify_LoginPage(java.lang.String,java.lang.String)[pri:0, instance:testCases.LoginPageTest@a1153bc]" started-at="2025-12-16T17:00:46 IST" name="Verify_LoginPage" data-provider="sendData" finished-at="2025-12-16T17:00:47 IST" duration-ms="1232" status="FAIL">
          <params>
            <param index="0">
              <value>
                <![CDATA[arjunsathish@gmail.com]]>
              </value>
            </param>
            <param index="1">
              <value>
                <![CDATA[onnurendu]]>
              </value>
            </param>
          </params>
          <exception class="java.lang.AssertionError">
            <message>
              <![CDATA[null]]>
            </message>
            <full-stacktrace>
              <![CDATA[java.lang.AssertionError: null
at org.testng.Assert.fail(Assert.java:111)
at org.testng.Assert.fail(Assert.java:116)
at testCases.LoginPageTest.Verify_LoginPage(LoginPageTest.java:47)
at java.base/jdk.internal.reflect.DirectMethodHandleAccessor.invoke(DirectMethodHandleAccessor.java:104)
at java.base/java.lang.reflect.Method.invoke(Method.java:565)
at org.testng.internal.invokers.MethodInvocationHelper.invokeMethod(MethodInvocationHelper.java:141)
at org.testng.internal.invokers.TestInvoker.invokeMethod(TestInvoker.java:687)
at org.testng.internal.invokers.TestInvoker.invokeTestMethod(TestInvoker.java:230)
at org.testng.internal.invokers.MethodRunner.runInSequence(MethodRunner.java:63)
at org.testng.internal.invokers.TestInvoker$MethodInvocationAgent.invoke(TestInvoker.java:995)
at org.testng.internal.invokers.TestInvoker.invokeTestMethods(TestInvoker.java:203)
at org.testng.internal.invokers.TestMethodWorker.invokeTestMethods(TestMethodWorker.java:154)
at org.testng.internal.invokers.TestMethodWorker.run(TestMethodWorker.java:134)
at java.base/java.util.ArrayList.forEach(ArrayList.java:1604)
at org.testng.TestRunner.privateRun(TestRunner.java:741)
at org.testng.TestRunner.run(TestRunner.java:616)
at org.testng.SuiteRunner.runTest(SuiteRunner.java:421)
at org.testng.SuiteRunner.runSequentially(SuiteRunner.java:413)
at org.testng.SuiteRunner.privateRun(SuiteRunner.java:373)
at org.testng.SuiteRunner.run(SuiteRunner.java:312)
at org.testng.SuiteRunnerWorker.runSuite(SuiteRunnerWorker.java:52)
at org.testng.SuiteRunnerWorker.run(SuiteRunnerWorker.java:95)
at org.testng.TestNG.runSuitesSequentially(TestNG.java:1274)
at org.testng.TestNG.runSuitesLocally(TestNG.java:1208)
at org.testng.TestNG.runSuites(TestNG.java:1112)
at org.testng.TestNG.run(TestNG.java:1079)
at org.testng.remote.AbstractRemoteTestNG.run(AbstractRemoteTestNG.java:115)
at org.testng.remote.RemoteTestNG.initAndRun(RemoteTestNG.java:293)
at org.testng.remote.RemoteTestNG.main(RemoteTestNG.java:91)
]]>
            </full-stacktrace>
          </exception> <!-- java.lang.AssertionError -->
          <reporter-output>
          </reporter-output>
        </test-method> <!-- Verify_LoginPage -->
        <test-method is-config="true" signature="teardown()[pri:0, instance:testCases.LoginPageTest@a1153bc]" started-at="2025-12-16T17:00:47 IST" name="teardown" finished-at="2025-12-16T17:00:57 IST" duration-ms="10019" status="PASS">
          <reporter-output>
          </reporter-output>
        </test-method> <!-- teardown -->
      </class> <!-- testCases.LoginPageTest -->
      <class name="testCases.ResgistrationPageTest">
        <test-method is-config="true" signature="setup(java.lang.String)[pri:0, instance:testCases.ResgistrationPageTest@368f2016]" started-at="2025-12-16T17:00:28 IST" name="setup" finished-at="2025-12-16T17:00:31 IST" duration-ms="2516" status="PASS">
          <params>
            <param index="0">
              <value>
                <![CDATA[safari]]>
              </value>
            </param>
          </params>
          <reporter-output>
          </reporter-output>
        </test-method> <!-- setup -->
        <test-method signature="Verify_RegistrationPage()[pri:0, instance:testCases.ResgistrationPageTest@368f2016]" started-at="2025-12-16T17:00:31 IST" name="Verify_RegistrationPage" finished-at="2025-12-16T17:00:33 IST" duration-ms="2063" status="PASS">
          <reporter-output>
          </reporter-output>
        </test-method> <!-- Verify_RegistrationPage -->
        <test-method is-config="true" signature="teardown()[pri:0, instance:testCases.ResgistrationPageTest@368f2016]" started-at="2025-12-16T17:00:33 IST" name="teardown" finished-at="2025-12-16T17:00:43 IST" duration-ms="10040" status="PASS">
          <reporter-output>
          </reporter-output>
        </test-method> <!-- teardown -->
      </class> <!-- testCases.ResgistrationPageTest -->
    </test> <!-- safari browser test -->
  </suite> <!-- Suite -->
</testng-results>
